TN:
SF:contracts/ReceiptRegistry.sol
DA:52,1
FN:52,ReceiptRegistry.mint
FNDA:1,ReceiptRegistry.mint
DA:57,1
DA:60,4938
FN:60,ReceiptRegistry.mintWithSig
FNDA:4938,ReceiptRegistry.mintWithSig
DA:69,4938
BRDA:69,0,0,1
DA:70,1
DA:73,4937
DA:74,4937
BRDA:74,1,0,1
DA:75,1
DA:78,4936
DA:88,4935
DA:89,4935
DA:90,4935
DA:98,514
FN:98,ReceiptRegistry.getByHash
FNDA:514,ReceiptRegistry.getByHash
DA:111,514
DA:112,514
BRDA:112,2,0,-
BRDA:112,2,1,514
DA:114,514
DA:123,4935
FN:123,ReceiptRegistry._mintOrGetExisting
FNDA:4935,ReceiptRegistry._mintOrGetExisting
DA:129,4935
DA:130,323
BRDA:130,3,0,323
DA:131,323
BRDA:131,4,0,321
DA:132,321
DA:138,2
BRDA:138,5,0,-
DA:139,0
DA:141,2
DA:144,4612
DA:145,4612
DA:147,4612
DA:156,4612
DA:166,4612
DA:169,4936
FN:169,ReceiptRegistry._validateSignature
FNDA:4936,ReceiptRegistry._validateSignature
DA:178,4936
DA:190,4936
DA:191,4936
DA:192,4936
BRDA:192,6,0,1
DA:193,1
DA:197,4936
FN:197,ReceiptRegistry._hashTypedDataV4
FNDA:4936,ReceiptRegistry._hashTypedDataV4
DA:198,4936
DA:201,4936
FN:201,ReceiptRegistry._domainSeparatorV4
FNDA:4936,ReceiptRegistry._domainSeparatorV4
DA:202,4936
DA:203,4936
DA:214,4936
FN:214,ReceiptRegistry._recoverSigner
FNDA:4936,ReceiptRegistry._recoverSigner
DA:218,4936
BRDA:218,7,0,-
DA:219,0
DA:222,4936
DA:223,4936
DA:224,4936
DA:226,4936
DA:227,4936
DA:228,4936
DA:231,4936
BRDA:231,8,0,-
DA:232,0
DA:235,4936
BRDA:235,9,0,-
DA:236,0
DA:239,4936
BRDA:239,10,0,-
DA:240,0
DA:243,4936
DA:244,4936
BRDA:244,11,0,-
DA:245,0
DA:247,4936
FNF:8
FNH:8
LF:59
LH:53
BRF:13
BRH:6
end_of_record
